[19-Sep-2024 19:23:18 America/Argentina/Buenos_Aires] PHP Warning:  Undefined variable $orderColumnIndex in /home/c2650924/public_html/api/datatables/dt_partes_diarios.php on line 36
[19-Sep-2024 19:23:18 America/Argentina/Buenos_Aires] orderColumnIndex: 
[19-Sep-2024 19:23:18 America/Argentina/Buenos_Aires] orderColumn: horas_fin
[19-Sep-2024 19:23:18 America/Argentina/Buenos_Aires] PHP Warning:  Cannot modify header information - headers already sent by (output started at /home/c2650924/public_html/api/datatables/dt_partes_diarios.php:36) in /home/c2650924/public_html/api/datatables/dt_partes_diarios.php on line 148
[19-Sep-2024 19:24:11 America/Argentina/Buenos_Aires] orderColumn: horas_fin
[19-Sep-2024 19:24:14 America/Argentina/Buenos_Aires] orderColumn: horas_trabajadas
[19-Sep-2024 19:24:15 America/Argentina/Buenos_Aires] orderColumn: horas_trabajadas
[19-Sep-2024 19:24:18 America/Argentina/Buenos_Aires] orderColumn: interno
[19-Sep-2024 19:24:22 America/Argentina/Buenos_Aires] orderColumn: usuario
[19-Sep-2024 19:24:23 America/Argentina/Buenos_Aires] orderColumn: usuario
[19-Sep-2024 19:24:24 America/Argentina/Buenos_Aires] orderColumn: usuario
[19-Sep-2024 19:24:25 America/Argentina/Buenos_Aires] orderColumn: obra
[19-Sep-2024 19:24:26 America/Argentina/Buenos_Aires] orderColumn: obra
[19-Sep-2024 19:24:28 America/Argentina/Buenos_Aires] orderColumn: horas_inicio
[19-Sep-2024 19:24:29 America/Argentina/Buenos_Aires] orderColumn: horas_inicio
[19-Sep-2024 19:24:31 America/Argentina/Buenos_Aires] orderColumn: observaciones
[19-Sep-2024 19:24:32 America/Argentina/Buenos_Aires] orderColumn: observaciones
[19-Sep-2024 19:24:33 America/Argentina/Buenos_Aires] orderColumn: observaciones
[19-Sep-2024 19:24:34 America/Argentina/Buenos_Aires] orderColumn: horas_trabajadas
[19-Sep-2024 20:41:22 America/Argentina/Buenos_Aires] PHP Fatal error:  Uncaught mysqli_sql_exception: No database selected in /home/c2650924/public_html/debug/api/obras/get_obras.php:14
Stack trace:
#0 /home/c2650924/public_html/debug/api/obras/get_obras.php(14): mysqli->query('SELECT id_obra,...')
#1 {main}
  thrown in /home/c2650924/public_html/debug/api/obras/get_obras.php on line 14
[19-Sep-2024 20:41:56 America/Argentina/Buenos_Aires] PHP Fatal error:  Uncaught mysqli_sql_exception: No database selected in /home/c2650924/public_html/debug/api/obras/get_obras.php:14
Stack trace:
#0 /home/c2650924/public_html/debug/api/obras/get_obras.php(14): mysqli->query('SELECT id_obra,...')
#1 {main}
  thrown in /home/c2650924/public_html/debug/api/obras/get_obras.php on line 14
[19-Sep-2024 20:42:26 America/Argentina/Buenos_Aires] PHP Fatal error:  Uncaught mysqli_sql_exception: No database selected in /home/c2650924/public_html/debug/api/obras/get_obras.php:14
Stack trace:
#0 /home/c2650924/public_html/debug/api/obras/get_obras.php(14): mysqli->query('SELECT id_obra,...')
#1 {main}
  thrown in /home/c2650924/public_html/debug/api/obras/get_obras.php on line 14
[19-Sep-2024 20:45:15 America/Argentina/Buenos_Aires] PHP Fatal error:  Uncaught mysqli_sql_exception: No database selected in /home/c2650924/public_html/debug/api/obras/get_obras.php:14
Stack trace:
#0 /home/c2650924/public_html/debug/api/obras/get_obras.php(14): mysqli->query('SELECT id_obra,...')
#1 {main}
  thrown in /home/c2650924/public_html/debug/api/obras/get_obras.php on line 14
[19-Sep-2024 20:48:21 America/Argentina/Buenos_Aires] PHP Fatal error:  Uncaught mysqli_sql_exception: No database selected in /home/c2650924/public_html/debug/api/obras/get_obras.php:14
Stack trace:
#0 /home/c2650924/public_html/debug/api/obras/get_obras.php(14): mysqli->query('SELECT id_obra,...')
#1 {main}
  thrown in /home/c2650924/public_html/debug/api/obras/get_obras.php on line 14
[19-Sep-2024 20:48:53 America/Argentina/Buenos_Aires] PHP Fatal error:  Uncaught mysqli_sql_exception: No database selected in /home/c2650924/public_html/debug/api/obras/get_obras.php:14
Stack trace:
#0 /home/c2650924/public_html/debug/api/obras/get_obras.php(14): mysqli->query('SELECT id_obra,...')
#1 {main}
  thrown in /home/c2650924/public_html/debug/api/obras/get_obras.php on line 14
[19-Sep-2024 20:51:14 America/Argentina/Buenos_Aires] PHP Fatal error:  Uncaught mysqli_sql_exception: No database selected in /home/c2650924/public_html/debug/api/obras/get_obras.php:14
Stack trace:
#0 /home/c2650924/public_html/debug/api/obras/get_obras.php(14): mysqli->query('SELECT id_obra,...')
#1 {main}
  thrown in /home/c2650924/public_html/debug/api/obras/get_obras.php on line 14
[19-Sep-2024 20:53:02 America/Argentina/Buenos_Aires] PHP Fatal error:  Uncaught mysqli_sql_exception: No database selected in /home/c2650924/public_html/debug/api/obras/get_obras.php:14
Stack trace:
#0 /home/c2650924/public_html/debug/api/obras/get_obras.php(14): mysqli->query('SELECT id_obra,...')
#1 {main}
  thrown in /home/c2650924/public_html/debug/api/obras/get_obras.php on line 14
[19-Sep-2024 20:53:02 America/Argentina/Buenos_Aires] PHP Fatal error:  Uncaught mysqli_sql_exception: No database selected in /home/c2650924/public_html/debug/api/obras/get_obras.php:14
Stack trace:
#0 /home/c2650924/public_html/debug/api/obras/get_obras.php(14): mysqli->query('SELECT id_obra,...')
#1 {main}
  thrown in /home/c2650924/public_html/debug/api/obras/get_obras.php on line 14
[19-Sep-2024 22:22:19 America/Argentina/Buenos_Aires] PHP Warning:  Undefined array key "equipo" in /home/c2650924/public_html/api/equipos/partes/get_partes_diarios.php on line 13
[19-Sep-2024 22:22:19 America/Argentina/Buenos_Aires] PHP Warning:  Undefined array key "fechaInicio" in /home/c2650924/public_html/api/equipos/partes/get_partes_diarios.php on line 14
[19-Sep-2024 22:22:19 America/Argentina/Buenos_Aires] PHP Warning:  Undefined array key "fechaFin" in /home/c2650924/public_html/api/equipos/partes/get_partes_diarios.php on line 15
[19-Sep-2024 22:22:19 America/Argentina/Buenos_Aires] PHP Warning:  Undefined array key "page" in /home/c2650924/public_html/api/equipos/partes/get_partes_diarios.php on line 16
[19-Sep-2024 22:22:19 America/Argentina/Buenos_Aires] PHP Warning:  Undefined array key "pageSize" in /home/c2650924/public_html/api/equipos/partes/get_partes_diarios.php on line 17
[19-Sep-2024 22:22:19 America/Argentina/Buenos_Aires] PHP Warning:  Cannot modify header information - headers already sent by (output started at /home/c2650924/public_html/api/equipos/partes/get_partes_diarios.php:13) in /home/c2650924/public_html/api/equipos/partes/get_partes_diarios.php on line 99
[23-Sep-2024 15:31:16 America/Argentina/Buenos_Aires] PHP Fatal error:  Uncaught mysqli_sql_exception: Access denied for user 'c2650924'@'%' to database 'TEST' in /home/c2650924/public_html/debug/api/auth/login.php:23
Stack trace:
#0 /home/c2650924/public_html/debug/api/auth/login.php(23): mysqli->__construct('localhost', 'c2650924', Object(SensitiveParameterValue), 'TEST')
#1 {main}
  thrown in /home/c2650924/public_html/debug/api/auth/login.php on line 23
[23-Sep-2024 15:31:21 America/Argentina/Buenos_Aires] PHP Fatal error:  Uncaught mysqli_sql_exception: Access denied for user 'c2650924'@'%' to database 'TEST' in /home/c2650924/public_html/debug/api/auth/login.php:23
Stack trace:
#0 /home/c2650924/public_html/debug/api/auth/login.php(23): mysqli->__construct('localhost', 'c2650924', Object(SensitiveParameterValue), 'TEST')
#1 {main}
  thrown in /home/c2650924/public_html/debug/api/auth/login.php on line 23
[23-Sep-2024 16:07:11 America/Argentina/Buenos_Aires] PHP Warning:  Undefined array key "userCreated" in /home/c2650924/public_html/api/auth/login.php on line 108
[23-Sep-2024 16:07:11 America/Argentina/Buenos_Aires] PHP Warning:  Undefined array key "estadoId" in /home/c2650924/public_html/api/auth/login.php on line 110
[24-Sep-2024 22:36:51 America/Argentina/Buenos_Aires] PHP Warning:  require_once(/home/c2650924/public_html/auth/sign-in.php): Failed to open stream: No such file or directory in /home/c2650924/public_html/index.php on line 33
[24-Sep-2024 22:36:51 America/Argentina/Buenos_Aires] PHP Fatal error:  Uncaught Error: Failed opening required '/home/c2650924/public_html/auth/sign-in.php' (include_path='.:/opt/php8-3/lib/php') in /home/c2650924/public_html/index.php:33
Stack trace:
#0 {main}
  thrown in /home/c2650924/public_html/index.php on line 33
[26-Sep-2024 21:20:59 America/Argentina/Buenos_Aires] PHP Warning:  require_once(/home/c2650924/public_html/release/updates/apk/version.json): Failed to open stream: No such file or directory in /home/c2650924/public_html/index.php on line 33
[26-Sep-2024 21:20:59 America/Argentina/Buenos_Aires] PHP Fatal error:  Uncaught Error: Failed opening required '/home/c2650924/public_html/release/updates/apk/version.json' (include_path='.:/opt/php8-3/lib/php') in /home/c2650924/public_html/index.php:33
Stack trace:
#0 {main}
  thrown in /home/c2650924/public_html/index.php on line 33
[26-Sep-2024 21:23:06 America/Argentina/Buenos_Aires] PHP Parse error:  syntax error, unexpected character 0x1E in /home/c2650924/public_html/updates/apk/app-release.apk on line 250
[26-Sep-2024 21:24:14 America/Argentina/Buenos_Aires] PHP Parse error:  syntax error, unexpected character 0x1E in /home/c2650924/public_html/updates/apk/app-release.apk on line 250
[26-Sep-2024 21:24:22 America/Argentina/Buenos_Aires] PHP Parse error:  syntax error, unexpected character 0x1E in /home/c2650924/public_html/updates/apk/app-release.apk on line 250
[26-Sep-2024 21:24:39 America/Argentina/Buenos_Aires] PHP Parse error:  syntax error, unexpected character 0x1E in /home/c2650924/public_html/updates/apk/app-release.apk on line 250
[26-Sep-2024 21:26:36 America/Argentina/Buenos_Aires] PHP Parse error:  syntax error, unexpected character 0x1E in /home/c2650924/public_html/updates/apk/app-release.apk on line 250
[28-Sep-2024 12:53:01 America/Argentina/Buenos_Aires] Roles asignados: Array
(
    [0] => administrador
    [1] => supervisor
)

[28-Sep-2024 12:53:01 America/Argentina/Buenos_Aires] Rol principal asignado: administrador
